[debug] [2023-08-09T07:18:59.419Z] ----------------------------------------------------------------------
[debug] [2023-08-09T07:18:59.422Z] Command:       C:\Program Files\nodejs\node.exe C:\Users\아트만\AppData\Roaming\npm\node_modules\firebase-tools\lib\bin\firebase.js init
[debug] [2023-08-09T07:18:59.422Z] CLI Version:   12.4.7
[debug] [2023-08-09T07:18:59.423Z] Platform:      win32
[debug] [2023-08-09T07:18:59.423Z] Node Version:  v19.3.0
[debug] [2023-08-09T07:18:59.423Z] Time:          Wed Aug 09 2023 16:18:59 GMT+0900 (대한민국 표준시)
[debug] [2023-08-09T07:18:59.423Z] ----------------------------------------------------------------------
[debug] 
[debug] [2023-08-09T07:18:59.494Z] > command requires scopes: ["email","openid","https://www.googleapis.com/auth/cloudplatformprojects.readonly","https://www.googleapis.com/auth/firebase","https://www.googleapis.com/auth/cloud-platform"]
[debug] [2023-08-09T07:18:59.494Z] > authorizing via signed-in user (gracecancho@gmail.com)
[info] 
     ######## #### ########  ######## ########     ###     ######  ########
     ##        ##  ##     ## ##       ##     ##  ##   ##  ##       ##
     ######    ##  ########  ######   ########  #########  ######  ######
     ##        ##  ##    ##  ##       ##     ## ##     ##       ## ##
     ##       #### ##     ## ######## ########  ##     ##  ######  ########

You're about to initialize a Firebase project in this directory:

  D:\workspace\youjin

Before we get started, keep in mind:

  * You are initializing within an existing Firebase project directory

